d:\project\videoproject\vrsuperplayer\vrsuperplayer\vrsuperplayer\x64\debug\vc141.pdb
d:\project\videoproject\vrsuperplayer\vrsuperplayer\vrsuperplayer\x64\debug\gl3w.obj
d:\project\videoproject\vrsuperplayer\vrsuperplayer\vrsuperplayer\x64\debug\moc_vrsuperplayer.obj
d:\project\videoproject\vrsuperplayer\vrsuperplayer\vrsuperplayer\x64\debug\qrc_vrsuperplayer.obj
d:\project\videoproject\vrsuperplayer\vrsuperplayer\vrsuperplayer\x64\debug\render_instance.obj
d:\project\videoproject\vrsuperplayer\vrsuperplayer\vrsuperplayer\x64\debug\codec_instance.obj
d:\project\videoproject\vrsuperplayer\vrsuperplayer\vrsuperplayer\x64\debug\main.obj
d:\project\videoproject\vrsuperplayer\vrsuperplayer\vrsuperplayer\x64\debug\vrsuperplayer.obj
d:\project\videoproject\vrsuperplayer\vrsuperplayer\x64\debug\vrsuperplayer.exe
d:\project\videoproject\vrsuperplayer\vrsuperplayer\x64\debug\vrsuperplayer.ilk
d:\project\videoproject\vrsuperplayer\vrsuperplayer\x64\debug\vrsuperplayer.pdb
d:\project\videoproject\vrsuperplayer\vrsuperplayer\vrsuperplayer\x64\debug\moc\moc_vrsuperplayer.cpp
d:\project\videoproject\vrsuperplayer\vrsuperplayer\vrsuperplayer\x64\debug\rcc\qrc_vrsuperplayer.cpp
d:\project\videoproject\vrsuperplayer\vrsuperplayer\vrsuperplayer\x64\debug\uic\ui_vrsuperplayer.h
d:\project\videoproject\vrsuperplayer\vrsuperplayer\vrsuperplayer\x64\debug\vrsuperplayer.tlog\cl.command.1.tlog
d:\project\videoproject\vrsuperplayer\vrsuperplayer\vrsuperplayer\x64\debug\vrsuperplayer.tlog\cl.read.1.tlog
d:\project\videoproject\vrsuperplayer\vrsuperplayer\vrsuperplayer\x64\debug\vrsuperplayer.tlog\cl.write.1.tlog
d:\project\videoproject\vrsuperplayer\vrsuperplayer\vrsuperplayer\x64\debug\vrsuperplayer.tlog\link.20412.delete.1.tlog
d:\project\videoproject\vrsuperplayer\vrsuperplayer\vrsuperplayer\x64\debug\vrsuperplayer.tlog\link.23756.delete.1.tlog
d:\project\videoproject\vrsuperplayer\vrsuperplayer\vrsuperplayer\x64\debug\vrsuperplayer.tlog\link.28012.delete.1.tlog
d:\project\videoproject\vrsuperplayer\vrsuperplayer\vrsuperplayer\x64\debug\vrsuperplayer.tlog\link.28296.delete.1.tlog
d:\project\videoproject\vrsuperplayer\vrsuperplayer\vrsuperplayer\x64\debug\vrsuperplayer.tlog\link.command.1.tlog
d:\project\videoproject\vrsuperplayer\vrsuperplayer\vrsuperplayer\x64\debug\vrsuperplayer.tlog\link.read.1.tlog
d:\project\videoproject\vrsuperplayer\vrsuperplayer\vrsuperplayer\x64\debug\vrsuperplayer.tlog\link.write.1.tlog
d:\project\videoproject\vrsuperplayer\vrsuperplayer\vrsuperplayer\x64\debug\vrsuperplayer.tlog\moc.read.1u.tlog
d:\project\videoproject\vrsuperplayer\vrsuperplayer\vrsuperplayer\x64\debug\vrsuperplayer.tlog\moc.write.1u.tlog
d:\project\videoproject\vrsuperplayer\vrsuperplayer\vrsuperplayer\x64\debug\vrsuperplayer.tlog\rcc.read.1u.tlog
d:\project\videoproject\vrsuperplayer\vrsuperplayer\vrsuperplayer\x64\debug\vrsuperplayer.tlog\rcc.write.1u.tlog
d:\project\videoproject\vrsuperplayer\vrsuperplayer\vrsuperplayer\x64\debug\vrsuperplayer.tlog\uic.read.1u.tlog
d:\project\videoproject\vrsuperplayer\vrsuperplayer\vrsuperplayer\x64\debug\vrsuperplayer.tlog\uic.write.1u.tlog
d:\project\videoproject\vrsuperplayer\vrsuperplayer\vrsuperplayer\x64\debug\vrsuperplayer.tlog\vrsuperplayer.write.1u.tlog
